Build started 2015/5/9 1:52:32 上午.
     1>Project "H:\poker\PokerGame.vcxproj" on node 2 (Build target(s)).
     1>ClCompile:
         C:\Program Files (x86)\Microsoft Visual Studio 12.0\VC\bin\CL.exe /c /ZI /nologo /W3 /WX- /Od /Oy- /D WIN32 /D _DEBUG /D _CONSOLE /D _UNICODE /D UNICODE /Gm /EHsc /RTC1 /MDd /GS /fp:precise /Zc:wchar_t /Zc:forScope /Yc"stdafx.h" /Fp"Debug\PokerGame.pch" /Fo"Debug\\" /Fd"Debug\vc120.pdb" /Gd /TP /analyze- /errorReport:prompt stdafx.cpp
         stdafx.cpp
         C:\Program Files (x86)\Microsoft Visual Studio 12.0\VC\bin\CL.exe /c /ZI /nologo /W3 /WX- /Od /Oy- /D WIN32 /D _DEBUG /D _CONSOLE /D _UNICODE /D UNICODE /Gm /EHsc /RTC1 /MDd /GS /fp:precise /Zc:wchar_t /Zc:forScope /Yu"stdafx.h" /Fp"Debug\PokerGame.pch" /Fo"Debug\\" /Fd"Debug\vc120.pdb" /Gd /TP /analyze- /errorReport:prompt Card.cpp Deck.cpp Player.cpp PokerGame.cpp
         PokerGame.cpp
     1>h:\poker\pokergame.cpp(12): warning C4244: 'argument' : conversion from 'time_t' to 'unsigned int', possible loss of data
         Player.cpp
     1>h:\poker\player.cpp(50): warning C4018: '<' : signed/unsigned mismatch
     1>h:\poker\player.cpp(108): warning C4018: '<' : signed/unsigned mismatch
     1>h:\poker\player.cpp(120): warning C4018: '<' : signed/unsigned mismatch
         Deck.cpp
         Card.cpp
         Generating Code...
       Link:
         C:\Program Files (x86)\Microsoft Visual Studio 12.0\VC\bin\link.exe /ERRORREPORT:PROMPT /OUT:"H:\poker\Debug\PokerGame.exe" /INCREMENTAL /NOLOGO kernel32.lib user32.lib gdi32.lib winspool.lib comdlg32.lib advapi32.lib shell32.lib ole32.lib oleaut32.lib uuid.lib odbc32.lib odbccp32.lib /MANIFEST /MANIFESTUAC:"level='asInvoker' uiAccess='false'" /manifest:embed /DEBUG /PDB:"H:\poker\Debug\PokerGame.pdb" /SUBSYSTEM:CONSOLE /TLBID:1 /DYNAMICBASE /NXCOMPAT /IMPLIB:"H:\poker\Debug\PokerGame.lib" /MACHINE:X86 Debug\Card.obj
         Debug\Deck.obj
         Debug\Player.obj
         Debug\PokerGame.obj
         Debug\stdafx.obj
         PokerGame.vcxproj -> H:\poker\Debug\PokerGame.exe
     1>Done Building Project "H:\poker\PokerGame.vcxproj" (Build target(s)).

Build succeeded.

Time Elapsed 00:00:14.69
